[H[2J[3J[DEBUG]: Options(recursive=False, input=['/home/quanqiutong/compiler2025spring/lab2/week3/week3case.ts'], workspace='/home/quanqiutong/compiler2025spring/lab2/code/tests/lian_workspace', debug=True, force=True, benchmark=False, print_stmts=True, cores=1, android=False, apps=[], sub_command='run', language=['typescript'])
<lian.init.module_symbols.ModuleSymbols object at 0x7fe07fd3fc70>
[DEBUG]: Lang-Parser: /home/quanqiutong/compiler2025spring/lab2/code/tests/lian_workspace/src/week3case.ts
(program (class_declaration name: (type_identifier) body: (class_body (comment) (public_field_definition name: (property_identifier) type: (type_annotation (predefined_type))) (public_field_definition (accessibility_modifier) name: (property_identifier) type: (type_annotation (predefined_type))) (public_field_definition (accessibility_modifier) name: (property_identifier) type: (type_annotation (predefined_type))) (comment) (method_definition name: (property_identifier) parameters: (formal_parameters (required_parameter pattern: (identifier) type: (type_annotation (predefined_type))) (required_parameter pattern: (identifier) type: (type_annotation (predefined_type))) (required_parameter pattern: (identifier) type: (type_annotation (predefined_type)))) body: (statement_block (expression_statement (assignment_expression left: (member_expression object: (this) property: (property_identifier)) right: (identifier))) (expression_statement (assignment_expression left: (member_expression object: (this) property: (property_identifier)) right: (identifier))) (expression_statement (assignment_expression left: (member_expression object: (this) property: (property_identifier)) right: (identifier))))) (comment) (method_definition (accessibility_modifier) name: (property_identifier) parameters: (formal_parameters (required_parameter pattern: (identifier) type: (type_annotation (predefined_type)))) return_type: (type_annotation (predefined_type)) body: (statement_block (return_statement (binary_expression left: (identifier) right: (member_expression object: (this) property: (property_identifier)))))))))
[{'class_decl': {'attr': ['class'],
                 'init': [],
                 'static_init': [],
                 'fields': [{'variable_decl': {'attr': None,
                                               'name': 'firstName',
                                               'data_type': 'string'}},
                            {'variable_decl': {'attr': 'public',
                                               'name': 'lastName',
                                               'data_type': 'string'}},
                            {'variable_decl': {'attr': 'public',
                                               'name': 'age',
                                               'data_type': 'number'}}],
                 'methods': [{'method_decl': {'data_type': None,
                                              'name': 'constructor',
                                              'parameters': [{'parameter_decl': {'attr': [],
                                                                                 'data_type': ': '
                                                                                              'string',
                                                                                 'name': 'firstName'}},
                                                             {'parameter_decl': {'attr': [],
                                                                                 'data_type': ': '
                                                                                              'string',
                                                                                 'name': 'lastName'}},
                                                             {'parameter_decl': {'attr': [],
                                                                                 'data_type': ': '
                                                                                              'number',
                                                                                 'name': 'age'}}],
                                              'body': [{'assign_stmt': {'target': 'this.firstName',
                                                                        'operand': 'firstName'}},
                                                       {'assign_stmt': {'target': 'this.lastName',
                                                                        'operand': 'lastName'}},
                                                       {'assign_stmt': {'target': 'this.age',
                                                                        'operand': 'age'}}]}},
                             {'method_decl': {'data_type': 'number',
                                              'name': 'getBirthYear',
                                              'parameters': [{'parameter_decl': {'attr': [],
                                                                                 'data_type': ':number',
                                                                                 'name': 'currentYear'}}],
                                              'body': [{'field_read': {'target': '%v1',
                                                                       'receiver_object': '@this',
                                                                       'field': 'age'}},
                                                       {'assign_stmt': {'target': '%v2',
                                                                        'operator': '-',
                                                                        'operand': 'currentYear',
                                                                        'operand2': '%v1'}},
                                                       {'return_stmt': {'name': '%v2'}}]}}],
                 'nested': [],
                 'name': 'Person',
                 'supers': []}}]
[{'operation': 'class_decl',
  'parent_stmt_id': 0,
  'stmt_id': 10,
  'attr': "['class']",
  'init': None,
  'static_init': None,
  'fields': 11,
  'methods': 15,
  'nested': None,
  'name': 'Person',
  'supers': None},
 {'operation': 'block_start', 'stmt_id': 11, 'parent_stmt_id': 10},
 {'operation': 'variable_decl',
  'parent_stmt_id': 11,
  'stmt_id': 12,
  'attr': None,
  'name': 'firstName',
  'data_type': 'string'},
 {'operation': 'variable_decl',
  'parent_stmt_id': 11,
  'stmt_id': 13,
  'attr': 'public',
  'name': 'lastName',
  'data_type': 'string'},
 {'operation': 'variable_decl',
  'parent_stmt_id': 11,
  'stmt_id': 14,
  'attr': 'public',
  'name': 'age',
  'data_type': 'number'},
 {'operation': 'block_end', 'stmt_id': 11, 'parent_stmt_id': 10},
 {'operation': 'block_start', 'stmt_id': 15, 'parent_stmt_id': 10},
 {'operation': 'method_decl',
  'parent_stmt_id': 15,
  'stmt_id': 16,
  'data_type': None,
  'name': 'constructor',
  'parameters': 17,
  'body': 21},
 {'operation': 'block_start', 'stmt_id': 17, 'parent_stmt_id': 16},
 {'operation': 'parameter_decl',
  'parent_stmt_id': 17,
  'stmt_id': 18,
  'attr': None,
  'data_type': ': string',
  'name': 'firstName'},
 {'operation': 'parameter_decl',
  'parent_stmt_id': 17,
  'stmt_id': 19,
  'attr': None,
  'data_type': ': string',
  'name': 'lastName'},
 {'operation': 'parameter_decl',
  'parent_stmt_id': 17,
  'stmt_id': 20,
  'attr': None,
  'data_type': ': number',
  'name': 'age'},
 {'operation': 'block_end', 'stmt_id': 17, 'parent_stmt_id': 16},
 {'operation': 'block_start', 'stmt_id': 21, 'parent_stmt_id': 16},
 {'operation': 'assign_stmt',
  'parent_stmt_id': 21,
  'stmt_id': 22,
  'target': 'this.firstName',
  'operand': 'firstName'},
 {'operation': 'assign_stmt',
  'parent_stmt_id': 21,
  'stmt_id': 23,
  'target': 'this.lastName',
  'operand': 'lastName'},
 {'operation': 'assign_stmt',
  'parent_stmt_id': 21,
  'stmt_id': 24,
  'target': 'this.age',
  'operand': 'age'},
 {'operation': 'block_end', 'stmt_id': 21, 'parent_stmt_id': 16},
 {'operation': 'method_decl',
  'parent_stmt_id': 15,
  'stmt_id': 25,
  'data_type': 'number',
  'name': 'getBirthYear',
  'parameters': 26,
  'body': 28},
 {'operation': 'block_start', 'stmt_id': 26, 'parent_stmt_id': 25},
 {'operation': 'parameter_decl',
  'parent_stmt_id': 26,
  'stmt_id': 27,
  'attr': None,
  'data_type': ':number',
  'name': 'currentYear'},
 {'operation': 'block_end', 'stmt_id': 26, 'parent_stmt_id': 25},
 {'operation': 'block_start', 'stmt_id': 28, 'parent_stmt_id': 25},
 {'operation': 'field_read',
  'parent_stmt_id': 28,
  'stmt_id': 29,
  'target': '%v1',
  'receiver_object': '@this',
  'field': 'age'},
 {'operation': 'assign_stmt',
  'parent_stmt_id': 28,
  'stmt_id': 30,
  'target': '%v2',
  'operator': '-',
  'operand': 'currentYear',
  'operand2': '%v1'},
 {'operation': 'return_stmt',
  'parent_stmt_id': 28,
  'stmt_id': 31,
  'name': '%v2'},
 {'operation': 'block_end', 'stmt_id': 28, 'parent_stmt_id': 25},
 {'operation': 'block_end', 'stmt_id': 15, 'parent_stmt_id': 10}]
============= Output dataframe files ==============
Convert dataframe files to:  /home/quanqiutong/compiler2025spring/lab2/code/tests/lian_workspace/dataframe.html
