(program (class_declaration name: (type_identifier) body: (class_body (comment) (public_field_definition name: (property_identifier) type: (type_annotation (predefined_type))) (public_field_definition (accessibility_modifier) name: (property_identifier) type: (type_annotation (predefined_type))) (public_field_definition (accessibility_modifier) name: (property_identifier) type: (type_annotation (predefined_type))) (comment) (method_definition name: (property_identifier) parameters: (formal_parameters (required_parameter pattern: (identifier) type: (type_annotation (predefined_type))) (required_parameter pattern: (identifier) type: (type_annotation (predefined_type))) (required_parameter pattern: (identifier) type: (type_annotation (predefined_type)))) body: (statement_block (expression_statement (assignment_expression left: (member_expression object: (this) property: (property_identifier)) right: (identifier))) (expression_statement (assignment_expression left: (member_expression object: (this) property: (property_identifier)) right: (identifier))) (expression_statement (assignment_expression left: (member_expression object: (this) property: (property_identifier)) right: (identifier))))) (comment) (method_definition (accessibility_modifier) name: (property_identifier) parameters: (formal_parameters (required_parameter pattern: (identifier) type: (type_annotation (predefined_type)))) return_type: (type_annotation (predefined_type)) body: (statement_block (return_statement (binary_expression left: (identifier) right: (member_expression object: (this) property: (property_identifier)))))))))
[{'class_decl': {'name': 'Person',
                 'variable_decl': [{'variable_decl': {'name': 'firstName',
                                                      'data_type': 'string',
                                                      'attrs': []}},
                                   {'variable_decl': {'name': 'lastName',
                                                      'data_type': 'string',
                                                      'attrs': ['public']}},
                                   {'variable_decl': {'name': 'age',
                                                      'data_type': 'number',
                                                      'attrs': ['public']}}],
                 'method_decl': [{'method_decl': {'name': 'constructor',
                                                  'attrs': [],
                                                  'parameters': [{'parameter_decl': {'name': 'firstName',
                                                                                     'data_type': 'string'}},
                                                                 {'parameter_decl': {'name': 'lastName',
                                                                                     'data_type': 'string'}},
                                                                 {'parameter_decl': {'name': 'age',
                                                                                     'data_type': 'number'}}],
                                                  'body': [{'field_write': {'receiver_object': '@this',
                                                                            'field': 'firstName',
                                                                            'source': 'firstName'}},
                                                           {'field_write': {'receiver_object': '@this',
                                                                            'field': 'lastName',
                                                                            'source': 'lastName'}},
                                                           {'field_write': {'receiver_object': '@this',
                                                                            'field': 'age',
                                                                            'source': 'age'}}]}},
                                 {'method_decl': {'name': 'getBirthYear',
                                                  'data_type': 'number',
                                                  'attrs': ['private'],
                                                  'parameters': [{'parameter_decl': {'name': 'currentYear',
                                                                                     'data_type': 'number'}}],
                                                  'body': [{'field_read': {'target': '%v0',
                                                                           'receiver_object': '@this',
                                                                           'field': 'age'}},
                                                           {'assign_stmt': {'target': '%v1',
                                                                            'operator': '-',
                                                                            'operand': 'currentYear',
                                                                            'operand2': '%v0'}},
                                                           {'return_stmt': {'name': '%v1'}}]}}]}}]
[{'operation': 'class_decl',
  'parent_stmt_id': 0,
  'stmt_id': 10,
  'name': 'Person',
  'variable_decl': 11,
  'method_decl': 15},
 {'operation': 'block_start', 'stmt_id': 11, 'parent_stmt_id': 10},
 {'operation': 'variable_decl',
  'parent_stmt_id': 11,
  'stmt_id': 12,
  'name': 'firstName',
  'data_type': 'string',
  'attrs': None},
 {'operation': 'variable_decl',
  'parent_stmt_id': 11,
  'stmt_id': 13,
  'name': 'lastName',
  'data_type': 'string',
  'attrs': "['public']"},
 {'operation': 'variable_decl',
  'parent_stmt_id': 11,
  'stmt_id': 14,
  'name': 'age',
  'data_type': 'number',
  'attrs': "['public']"},
 {'operation': 'block_end', 'stmt_id': 11, 'parent_stmt_id': 10},
 {'operation': 'block_start', 'stmt_id': 15, 'parent_stmt_id': 10},
 {'operation': 'method_decl',
  'parent_stmt_id': 15,
  'stmt_id': 16,
  'name': 'constructor',
  'attrs': None,
  'parameters': 17,
  'body': 21},
 {'operation': 'block_start', 'stmt_id': 17, 'parent_stmt_id': 16},
 {'operation': 'parameter_decl',
  'parent_stmt_id': 17,
  'stmt_id': 18,
  'name': 'firstName',
  'data_type': 'string'},
 {'operation': 'parameter_decl',
  'parent_stmt_id': 17,
  'stmt_id': 19,
  'name': 'lastName',
  'data_type': 'string'},
 {'operation': 'parameter_decl',
  'parent_stmt_id': 17,
  'stmt_id': 20,
  'name': 'age',
  'data_type': 'number'},
 {'operation': 'block_end', 'stmt_id': 17, 'parent_stmt_id': 16},
 {'operation': 'block_start', 'stmt_id': 21, 'parent_stmt_id': 16},
 {'operation': 'field_write',
  'parent_stmt_id': 21,
  'stmt_id': 22,
  'receiver_object': '@this',
  'field': 'firstName',
  'source': 'firstName'},
 {'operation': 'field_write',
  'parent_stmt_id': 21,
  'stmt_id': 23,
  'receiver_object': '@this',
  'field': 'lastName',
  'source': 'lastName'},
 {'operation': 'field_write',
  'parent_stmt_id': 21,
  'stmt_id': 24,
  'receiver_object': '@this',
  'field': 'age',
  'source': 'age'},
 {'operation': 'block_end', 'stmt_id': 21, 'parent_stmt_id': 16},
 {'operation': 'method_decl',
  'parent_stmt_id': 15,
  'stmt_id': 25,
  'name': 'getBirthYear',
  'data_type': 'number',
  'attrs': "['private']",
  'parameters': 26,
  'body': 28},
 {'operation': 'block_start', 'stmt_id': 26, 'parent_stmt_id': 25},
 {'operation': 'parameter_decl',
  'parent_stmt_id': 26,
  'stmt_id': 27,
  'name': 'currentYear',
  'data_type': 'number'},
 {'operation': 'block_end', 'stmt_id': 26, 'parent_stmt_id': 25},
 {'operation': 'block_start', 'stmt_id': 28, 'parent_stmt_id': 25},
 {'operation': 'field_read',
  'parent_stmt_id': 28,
  'stmt_id': 29,
  'target': '%v0',
  'receiver_object': '@this',
  'field': 'age'},
 {'operation': 'assign_stmt',
  'parent_stmt_id': 28,
  'stmt_id': 30,
  'target': '%v1',
  'operator': '-',
  'operand': 'currentYear',
  'operand2': '%v0'},
 {'operation': 'return_stmt',
  'parent_stmt_id': 28,
  'stmt_id': 31,
  'name': '%v1'},
 {'operation': 'block_end', 'stmt_id': 28, 'parent_stmt_id': 25},
 {'operation': 'block_end', 'stmt_id': 15, 'parent_stmt_id': 10}]