(program (class_declaration name: (type_identifier) body: (class_body (comment) (public_field_definition name: (property_identifier) type: (type_annotation (predefined_type))) (public_field_definition (accessibility_modifier) name: (property_identifier) type: (type_annotation (predefined_type))) (public_field_definition (accessibility_modifier) name: (property_identifier) type: (type_annotation (predefined_type))) (comment) (method_definition name: (property_identifier) parameters: (formal_parameters (required_parameter pattern: (identifier) type: (type_annotation (predefined_type))) (required_parameter pattern: (identifier) type: (type_annotation (predefined_type))) (required_parameter pattern: (identifier) type: (type_annotation (predefined_type)))) body: (statement_block (expression_statement (assignment_expression left: (member_expression object: (this) property: (property_identifier)) right: (identifier))) (expression_statement (assignment_expression left: (member_expression object: (this) property: (property_identifier)) right: (identifier))) (expression_statement (assignment_expression left: (member_expression object: (this) property: (property_identifier)) right: (identifier))))) (comment) (method_definition (accessibility_modifier) name: (property_identifier) parameters: (formal_parameters (required_parameter pattern: (identifier) type: (type_annotation (predefined_type)))) return_type: (type_annotation (predefined_type)) body: (statement_block (return_statement (binary_expression left: (identifier) right: (member_expression object: (this) property: (property_identifier)))))))))
[{'class_decl': {'attr': ['class'],
                 'fields': [{'variable_decl': {'attr': [],
                                               'name': 'firstName',
                                               'data_type': 'string'}},
                            {'variable_decl': {'attr': ['public'],
                                               'name': 'lastName',
                                               'data_type': 'string'}},
                            {'variable_decl': {'attr': ['public'],
                                               'name': 'age',
                                               'data_type': 'number'}}],
                 'methods': [{'method_decl': {'attr': [],
                                              'data_type': None,
                                              'name': 'constructor',
                                              'parameters': [{'parameter_decl': {'attr': [],
                                                                                 'data_type': 'string',
                                                                                 'name': 'firstName'}},
                                                             {'parameter_decl': {'attr': [],
                                                                                 'data_type': 'string',
                                                                                 'name': 'lastName'}},
                                                             {'parameter_decl': {'attr': [],
                                                                                 'data_type': 'number',
                                                                                 'name': 'age'}}],
                                              'body': [{'field_write': {'receiver_object': '@this',
                                                                        'field': 'firstName',
                                                                        'source': 'firstName'}},
                                                       {'field_write': {'receiver_object': '@this',
                                                                        'field': 'lastName',
                                                                        'source': 'lastName'}},
                                                       {'field_write': {'receiver_object': '@this',
                                                                        'field': 'age',
                                                                        'source': 'age'}}]}},
                             {'method_decl': {'attr': ['private'],
                                              'data_type': 'number',
                                              'name': 'getBirthYear',
                                              'parameters': [{'parameter_decl': {'attr': [],
                                                                                 'data_type': 'number',
                                                                                 'name': 'currentYear'}}],
                                              'body': [{'field_read': {'target': '%v0',
                                                                       'receiver_object': '@this',
                                                                       'field': 'age'}},
                                                       {'assign_stmt': {'target': '%v1',
                                                                        'operator': '-',
                                                                        'operand': 'currentYear',
                                                                        'operand2': '%v0'}},
                                                       {'return_stmt': {'name': '%v1'}}]}}],
                 'name': 'Person'}}]
[{'operation': 'class_decl',
  'parent_stmt_id': 0,
  'stmt_id': 10,
  'attr': "['class']",
  'fields': 11,
  'methods': 15,
  'name': 'Person'},
 {'operation': 'block_start', 'stmt_id': 11, 'parent_stmt_id': 10},
 {'operation': 'variable_decl',
  'parent_stmt_id': 11,
  'stmt_id': 12,
  'attr': None,
  'name': 'firstName',
  'data_type': 'string'},
 {'operation': 'variable_decl',
  'parent_stmt_id': 11,
  'stmt_id': 13,
  'attr': "['public']",
  'name': 'lastName',
  'data_type': 'string'},
 {'operation': 'variable_decl',
  'parent_stmt_id': 11,
  'stmt_id': 14,
  'attr': "['public']",
  'name': 'age',
  'data_type': 'number'},
 {'operation': 'block_end', 'stmt_id': 11, 'parent_stmt_id': 10},
 {'operation': 'block_start', 'stmt_id': 15, 'parent_stmt_id': 10},
 {'operation': 'method_decl',
  'parent_stmt_id': 15,
  'stmt_id': 16,
  'attr': None,
  'data_type': None,
  'name': 'constructor',
  'parameters': 17,
  'body': 21},
 {'operation': 'block_start', 'stmt_id': 17, 'parent_stmt_id': 16},
 {'operation': 'parameter_decl',
  'parent_stmt_id': 17,
  'stmt_id': 18,
  'attr': None,
  'data_type': 'string',
  'name': 'firstName'},
 {'operation': 'parameter_decl',
  'parent_stmt_id': 17,
  'stmt_id': 19,
  'attr': None,
  'data_type': 'string',
  'name': 'lastName'},
 {'operation': 'parameter_decl',
  'parent_stmt_id': 17,
  'stmt_id': 20,
  'attr': None,
  'data_type': 'number',
  'name': 'age'},
 {'operation': 'block_end', 'stmt_id': 17, 'parent_stmt_id': 16},
 {'operation': 'block_start', 'stmt_id': 21, 'parent_stmt_id': 16},
 {'operation': 'field_write',
  'parent_stmt_id': 21,
  'stmt_id': 22,
  'receiver_object': '@this',
  'field': 'firstName',
  'source': 'firstName'},
 {'operation': 'field_write',
  'parent_stmt_id': 21,
  'stmt_id': 23,
  'receiver_object': '@this',
  'field': 'lastName',
  'source': 'lastName'},
 {'operation': 'field_write',
  'parent_stmt_id': 21,
  'stmt_id': 24,
  'receiver_object': '@this',
  'field': 'age',
  'source': 'age'},
 {'operation': 'block_end', 'stmt_id': 21, 'parent_stmt_id': 16},
 {'operation': 'method_decl',
  'parent_stmt_id': 15,
  'stmt_id': 25,
  'attr': "['private']",
  'data_type': 'number',
  'name': 'getBirthYear',
  'parameters': 26,
  'body': 28},
 {'operation': 'block_start', 'stmt_id': 26, 'parent_stmt_id': 25},
 {'operation': 'parameter_decl',
  'parent_stmt_id': 26,
  'stmt_id': 27,
  'attr': None,
  'data_type': 'number',
  'name': 'currentYear'},
 {'operation': 'block_end', 'stmt_id': 26, 'parent_stmt_id': 25},
 {'operation': 'block_start', 'stmt_id': 28, 'parent_stmt_id': 25},
 {'operation': 'field_read',
  'parent_stmt_id': 28,
  'stmt_id': 29,
  'target': '%v0',
  'receiver_object': '@this',
  'field': 'age'},
 {'operation': 'assign_stmt',
  'parent_stmt_id': 28,
  'stmt_id': 30,
  'target': '%v1',
  'operator': '-',
  'operand': 'currentYear',
  'operand2': '%v0'},
 {'operation': 'return_stmt',
  'parent_stmt_id': 28,
  'stmt_id': 31,
  'name': '%v1'},
 {'operation': 'block_end', 'stmt_id': 28, 'parent_stmt_id': 25},
 {'operation': 'block_end', 'stmt_id': 15, 'parent_stmt_id': 10}]