(program (class_declaration (modifiers) name: (identifier) body: (class_body (line_comment) (field_declaration type: (type_identifier) declarator: (variable_declarator name: (identifier))) (field_declaration (modifiers) type: (type_identifier) declarator: (variable_declarator name: (identifier))) (field_declaration (modifiers) type: (integral_type) declarator: (variable_declarator name: (identifier))) (line_comment) (constructor_declaration (modifiers) name: (identifier) parameters: (formal_parameters (formal_parameter type: (type_identifier) name: (identifier)) (formal_parameter type: (type_identifier) name: (identifier)) (formal_parameter type: (integral_type) name: (identifier))) body: (constructor_body (expression_statement (assignment_expression left: (field_access object: (this) field: (identifier)) right: (identifier))) (expression_statement (assignment_expression left: (field_access object: (this) field: (identifier)) right: (identifier))) (expression_statement (assignment_expression left: (field_access object: (this) field: (identifier)) right: (identifier))))) (line_comment) (method_declaration (modifiers) type: (integral_type) name: (identifier) parameters: (formal_parameters (formal_parameter type: (integral_type) name: (identifier))) body: (block (return_statement (binary_expression left: (identifier) right: (field_access object: (this) field: (identifier)))))))))
[{'class_decl': {'attr': ['class', 'public'],
                 'init': [],
                 'static_init': [],
                 'fields': [{'variable_decl': {'attr': [],
                                               'data_type': 'String',
                                               'name': 'firstName'}},
                            {'variable_decl': {'attr': ['public'],
                                               'data_type': 'String',
                                               'name': 'lastName'}},
                            {'variable_decl': {'attr': ['public'],
                                               'data_type': 'int',
                                               'name': 'age'}}],
                 'methods': [{'method_decl': {'attr': ['public'],
                                              'data_type': '',
                                              'name': 'Person',
                                              'type_parameters': '',
                                              'parameters': [{'parameter_decl': {'attr': [],
                                                                                 'data_type': 'String',
                                                                                 'name': 'firstName'}},
                                                             {'parameter_decl': {'attr': [],
                                                                                 'data_type': 'String',
                                                                                 'name': 'lastName'}},
                                                             {'parameter_decl': {'attr': [],
                                                                                 'data_type': 'int',
                                                                                 'name': 'age'}}],
                                              'body': [{'field_write': {'receiver_object': '@this',
                                                                        'field': 'firstName',
                                                                        'source': 'firstName'}},
                                                       {'field_write': {'receiver_object': '@this',
                                                                        'field': 'lastName',
                                                                        'source': 'lastName'}},
                                                       {'field_write': {'receiver_object': '@this',
                                                                        'field': 'age',
                                                                        'source': 'age'}}]}},
                             {'method_decl': {'attr': ['private'],
                                              'data_type': 'int',
                                              'name': 'getBirthYear',
                                              'type_parameters': '',
                                              'parameters': [{'parameter_decl': {'attr': [],
                                                                                 'data_type': 'int',
                                                                                 'name': 'currentYear'}}],
                                              'body': [{'field_read': {'target': '%v-1',
                                                                       'receiver_object': '@this',
                                                                       'field': 'age'}},
                                                       {'assign_stmt': {'target': '%v-1',
                                                                        'operator': '-',
                                                                        'operand': 'currentYear',
                                                                        'operand2': '%v-1'}},
                                                       {'return_stmt': {'target': '%v-1'}}]}}],
                 'nested': [],
                 'name': 'Person',
                 'supers': []}}]
[{'operation': 'class_decl',
  'parent_stmt_id': 0,
  'stmt_id': 10,
  'attr': "['class', 'public']",
  'init': None,
  'static_init': None,
  'fields': 11,
  'methods': 15,
  'nested': None,
  'name': 'Person',
  'supers': None},
 {'operation': 'block_start', 'stmt_id': 11, 'parent_stmt_id': 10},
 {'operation': 'variable_decl',
  'parent_stmt_id': 11,
  'stmt_id': 12,
  'attr': None,
  'data_type': 'String',
  'name': 'firstName'},
 {'operation': 'variable_decl',
  'parent_stmt_id': 11,
  'stmt_id': 13,
  'attr': "['public']",
  'data_type': 'String',
  'name': 'lastName'},
 {'operation': 'variable_decl',
  'parent_stmt_id': 11,
  'stmt_id': 14,
  'attr': "['public']",
  'data_type': 'int',
  'name': 'age'},
 {'operation': 'block_end', 'stmt_id': 11, 'parent_stmt_id': 10},
 {'operation': 'block_start', 'stmt_id': 15, 'parent_stmt_id': 10},
 {'operation': 'method_decl',
  'parent_stmt_id': 15,
  'stmt_id': 16,
  'attr': "['public']",
  'data_type': '',
  'name': 'Person',
  'type_parameters': '',
  'parameters': 17,
  'body': 21},
 {'operation': 'block_start', 'stmt_id': 17, 'parent_stmt_id': 16},
 {'operation': 'parameter_decl',
  'parent_stmt_id': 17,
  'stmt_id': 18,
  'attr': None,
  'data_type': 'String',
  'name': 'firstName'},
 {'operation': 'parameter_decl',
  'parent_stmt_id': 17,
  'stmt_id': 19,
  'attr': None,
  'data_type': 'String',
  'name': 'lastName'},
 {'operation': 'parameter_decl',
  'parent_stmt_id': 17,
  'stmt_id': 20,
  'attr': None,
  'data_type': 'int',
  'name': 'age'},
 {'operation': 'block_end', 'stmt_id': 17, 'parent_stmt_id': 16},
 {'operation': 'block_start', 'stmt_id': 21, 'parent_stmt_id': 16},
 {'operation': 'field_write',
  'parent_stmt_id': 21,
  'stmt_id': 22,
  'receiver_object': '@this',
  'field': 'firstName',
  'source': 'firstName'},
 {'operation': 'field_write',
  'parent_stmt_id': 21,
  'stmt_id': 23,
  'receiver_object': '@this',
  'field': 'lastName',
  'source': 'lastName'},
 {'operation': 'field_write',
  'parent_stmt_id': 21,
  'stmt_id': 24,
  'receiver_object': '@this',
  'field': 'age',
  'source': 'age'},
 {'operation': 'block_end', 'stmt_id': 21, 'parent_stmt_id': 16},
 {'operation': 'method_decl',
  'parent_stmt_id': 15,
  'stmt_id': 25,
  'attr': "['private']",
  'data_type': 'int',
  'name': 'getBirthYear',
  'type_parameters': '',
  'parameters': 26,
  'body': 28},
 {'operation': 'block_start', 'stmt_id': 26, 'parent_stmt_id': 25},
 {'operation': 'parameter_decl',
  'parent_stmt_id': 26,
  'stmt_id': 27,
  'attr': None,
  'data_type': 'int',
  'name': 'currentYear'},
 {'operation': 'block_end', 'stmt_id': 26, 'parent_stmt_id': 25},
 {'operation': 'block_start', 'stmt_id': 28, 'parent_stmt_id': 25},
 {'operation': 'field_read',
  'parent_stmt_id': 28,
  'stmt_id': 29,
  'target': '%v-1',
  'receiver_object': '@this',
  'field': 'age'},
 {'operation': 'assign_stmt',
  'parent_stmt_id': 28,
  'stmt_id': 30,
  'target': '%v-1',
  'operator': '-',
  'operand': 'currentYear',
  'operand2': '%v-1'},
 {'operation': 'return_stmt',
  'parent_stmt_id': 28,
  'stmt_id': 31,
  'target': '%v-1'},
 {'operation': 'block_end', 'stmt_id': 28, 'parent_stmt_id': 25},
 {'operation': 'block_end', 'stmt_id': 15, 'parent_stmt_id': 10}]