[{'import_stmt': {'name': 'java.util.Scanner'}},
 {'class_decl': {'attr': ['class', 'public'],
                 'init': [],
                 'static_init': [],
                 'fields': [],
                 'methods': [{'method_decl': {'attr': ['public', 'static'],
                                              'data_type': 'void',
                                              'name': 'main',
                                              'type_parameters': '',
                                              'parameters': [{'parameter_decl': {'attr': ['array'],
                                                                                 'data_type': 'String[]',
                                                                                 'name': 'args'}}],
                                              'init': [{'parameter_decl': {'attr': ['array'],
                                                                           'data_type': 'String[]',
                                                                           'name': 'args'}}],
                                              'body': [{'variable_decl': {'attr': [],
                                                                          'data_type': 'int',
                                                                          'name': 'number'}},
                                                       {'assign_stmt': {'target': 'number',
                                                                        'operand': '5'}},
                                                       {'call_stmt': {'target': '%v-1',
                                                                      'name': 'checkEven',
                                                                      'type_parameters': '',
                                                                      'args': ['number']}},
                                                       {'variable_decl': {'attr': [],
                                                                          'data_type': 'boolean',
                                                                          'name': 'isEven'}},
                                                       {'assign_stmt': {'target': 'isEven',
                                                                        'operand': '@return'}},
                                                       {'if_stmt': {'condition': 'isEven',
                                                                    'then_body': [{'assign_stmt': {'target': 'number',
                                                                                                   'operand': '6'}}],
                                                                    'else_body': [{'assign_stmt': {'target': 'number',
                                                                                                   'operand': '7'}}]}}]}},
                             {'method_decl': {'attr': ['public', 'static'],
                                              'data_type': 'boolean',
                                              'name': 'checkEven',
                                              'type_parameters': '',
                                              'parameters': [{'parameter_decl': {'attr': [],
                                                                                 'data_type': 'int',
                                                                                 'name': 'num'}}],
                                              'init': [{'parameter_decl': {'attr': [],
                                                                           'data_type': 'int',
                                                                           'name': 'num'}}],
                                              'body': [{'assign_stmt': {'target': '%v-1',
                                                                        'operator': '%',
                                                                        'operand': 'num',
                                                                        'operand2': '2'}},
                                                       {'assign_stmt': {'target': '%v-1',
                                                                        'operator': '==',
                                                                        'operand': '%v-1',
                                                                        'operand2': '0'}},
                                                       {'return_stmt': {'target': '%v-1'}}]}}],
                 'nested': [],
                 'name': 'SimpleJavaExample',
                 'supers': []}}]
