[{'operation': 'import_stmt',
  'parent_stmt_id': 0,
  'stmt_id': 10,
  'name': 'java.util.Scanner'},
 {'operation': 'class_decl',
  'parent_stmt_id': 0,
  'stmt_id': 11,
  'attr': "['class', 'public']",
  'init': None,
  'static_init': None,
  'fields': None,
  'methods': 12,
  'nested': None,
  'name': 'SimpleJavaExample',
  'supers': None},
 {'operation': 'block_start', 'stmt_id': 12, 'parent_stmt_id': 11},
 {'operation': 'method_decl',
  'parent_stmt_id': 12,
  'stmt_id': 13,
  'attr': "['public', 'static']",
  'data_type': 'void',
  'name': 'main',
  'type_parameters': '',
  'parameters': 14,
  'init': 16,
  'body': 18},
 {'operation': 'block_start', 'stmt_id': 14, 'parent_stmt_id': 13},
 {'operation': 'parameter_decl',
  'parent_stmt_id': 14,
  'stmt_id': 15,
  'attr': "['array']",
  'data_type': 'String[]',
  'name': 'args'},
 {'operation': 'block_end', 'stmt_id': 14, 'parent_stmt_id': 13},
 {'operation': 'block_start', 'stmt_id': 16, 'parent_stmt_id': 13},
 {'operation': 'parameter_decl',
  'parent_stmt_id': 16,
  'stmt_id': 17,
  'attr': "['array']",
  'data_type': 'String[]',
  'name': 'args'},
 {'operation': 'block_end', 'stmt_id': 16, 'parent_stmt_id': 13},
 {'operation': 'block_start', 'stmt_id': 18, 'parent_stmt_id': 13},
 {'operation': 'variable_decl',
  'parent_stmt_id': 18,
  'stmt_id': 19,
  'attr': None,
  'data_type': 'int',
  'name': 'number'},
 {'operation': 'assign_stmt',
  'parent_stmt_id': 18,
  'stmt_id': 20,
  'target': 'number',
  'operand': '5'},
 {'operation': 'call_stmt',
  'parent_stmt_id': 18,
  'stmt_id': 21,
  'target': '%v-1',
  'name': 'checkEven',
  'type_parameters': '',
  'args': "['number']"},
 {'operation': 'variable_decl',
  'parent_stmt_id': 18,
  'stmt_id': 22,
  'attr': None,
  'data_type': 'boolean',
  'name': 'isEven'},
 {'operation': 'assign_stmt',
  'parent_stmt_id': 18,
  'stmt_id': 23,
  'target': 'isEven',
  'operand': '@return'},
 {'operation': 'if_stmt',
  'parent_stmt_id': 18,
  'stmt_id': 24,
  'condition': 'isEven',
  'then_body': 25,
  'else_body': 27},
 {'operation': 'block_start', 'stmt_id': 25, 'parent_stmt_id': 24},
 {'operation': 'assign_stmt',
  'parent_stmt_id': 25,
  'stmt_id': 26,
  'target': 'number',
  'operand': '6'},
 {'operation': 'block_end', 'stmt_id': 25, 'parent_stmt_id': 24},
 {'operation': 'block_start', 'stmt_id': 27, 'parent_stmt_id': 24},
 {'operation': 'assign_stmt',
  'parent_stmt_id': 27,
  'stmt_id': 28,
  'target': 'number',
  'operand': '7'},
 {'operation': 'block_end', 'stmt_id': 27, 'parent_stmt_id': 24},
 {'operation': 'block_end', 'stmt_id': 18, 'parent_stmt_id': 13},
 {'operation': 'method_decl',
  'parent_stmt_id': 12,
  'stmt_id': 29,
  'attr': "['public', 'static']",
  'data_type': 'boolean',
  'name': 'checkEven',
  'type_parameters': '',
  'parameters': 30,
  'init': 32,
  'body': 34},
 {'operation': 'block_start', 'stmt_id': 30, 'parent_stmt_id': 29},
 {'operation': 'parameter_decl',
  'parent_stmt_id': 30,
  'stmt_id': 31,
  'attr': None,
  'data_type': 'int',
  'name': 'num'},
 {'operation': 'block_end', 'stmt_id': 30, 'parent_stmt_id': 29},
 {'operation': 'block_start', 'stmt_id': 32, 'parent_stmt_id': 29},
 {'operation': 'parameter_decl',
  'parent_stmt_id': 32,
  'stmt_id': 33,
  'attr': None,
  'data_type': 'int',
  'name': 'num'},
 {'operation': 'block_end', 'stmt_id': 32, 'parent_stmt_id': 29},
 {'operation': 'block_start', 'stmt_id': 34, 'parent_stmt_id': 29},
 {'operation': 'assign_stmt',
  'parent_stmt_id': 34,
  'stmt_id': 35,
  'target': '%v-1',
  'operator': '%',
  'operand': 'num',
  'operand2': '2'},
 {'operation': 'assign_stmt',
  'parent_stmt_id': 34,
  'stmt_id': 36,
  'target': '%v-1',
  'operator': '==',
  'operand': '%v-1',
  'operand2': '0'},
 {'operation': 'return_stmt',
  'parent_stmt_id': 34,
  'stmt_id': 37,
  'target': '%v-1'},
 {'operation': 'block_end', 'stmt_id': 34, 'parent_stmt_id': 29},
 {'operation': 'block_end', 'stmt_id': 12, 'parent_stmt_id': 11}]